{"total": {"lines":{"total":98,"covered":77,"skipped":0,"pct":78.57},"statements":{"total":98,"covered":77,"skipped":0,"pct":78.57},"functions":{"total":16,"covered":13,"skipped":0,"pct":81.25},"branches":{"total":62,"covered":38,"skipped":0,"pct":61.29}}
,"/Users/brett/coveradge/bin/index.js": {"lines":{"total":8,"covered":8,"skipped":0,"pct":100},"functions":{"total":1,"covered":1,"skipped":0,"pct":100},"statements":{"total":8,"covered":8,"skipped":0,"pct":100},"branches":{"total":2,"covered":2,"skipped":0,"pct":100}}
,"/Users/brett/coveradge/src/coveradge.js": {"lines":{"total":77,"covered":56,"skipped":0,"pct":72.73},"functions":{"total":10,"covered":7,"skipped":0,"pct":70},"statements":{"total":77,"covered":56,"skipped":0,"pct":72.73},"branches":{"total":60,"covered":36,"skipped":0,"pct":60}}
,"/Users/brett/coveradge/src/optionDefinitions.js": {"lines":{"total":13,"covered":13,"skipped":0,"pct":100},"functions":{"total":5,"covered":5,"skipped":0,"pct":100},"statements":{"total":13,"covered":13,"skipped":0,"pct":100},"branches":{"total":0,"covered":0,"skipped":0,"pct":100}}
}
